[0.018s] Invoking command in '/home/thevindu/catkin_ws/src/build/lakibeam1': CMAKE_PREFIX_PATH=/opt/ros/humble /usr/bin/cmake --build /home/thevindu/catkin_ws/src/build/lakibeam1 -- -j8 -l8
[0.082s] [35m[1mConsolidate compiler generated dependencies of target lakibeam1_scan_node[0m
[0.108s] [100%] Built target lakibeam1_scan_node
[0.124s] Invoked command in '/home/thevindu/catkin_ws/src/build/lakibeam1' returned '0': CMAKE_PREFIX_PATH=/opt/ros/humble /usr/bin/cmake --build /home/thevindu/catkin_ws/src/build/lakibeam1 -- -j8 -l8
[0.142s] Invoking command in '/home/thevindu/catkin_ws/src/build/lakibeam1': CMAKE_PREFIX_PATH=/opt/ros/humble /usr/bin/cmake --install /home/thevindu/catkin_ws/src/build/lakibeam1
[0.154s] -- Install configuration: ""
[0.155s] -- Up-to-date: /home/thevindu/catkin_ws/src/install/lakibeam1/share/ament_index/resource_index/package_run_dependencies/lakibeam1
[0.155s] -- Up-to-date: /home/thevindu/catkin_ws/src/install/lakibeam1/share/ament_index/resource_index/parent_prefix_path/lakibeam1
[0.155s] -- Up-to-date: /home/thevindu/catkin_ws/src/install/lakibeam1/share/lakibeam1/environment/ament_prefix_path.sh
[0.155s] -- Up-to-date: /home/thevindu/catkin_ws/src/install/lakibeam1/share/lakibeam1/environment/ament_prefix_path.dsv
[0.155s] -- Up-to-date: /home/thevindu/catkin_ws/src/install/lakibeam1/share/lakibeam1/environment/path.sh
[0.156s] -- Up-to-date: /home/thevindu/catkin_ws/src/install/lakibeam1/share/lakibeam1/environment/path.dsv
[0.156s] -- Up-to-date: /home/thevindu/catkin_ws/src/install/lakibeam1/share/lakibeam1/local_setup.bash
[0.156s] -- Up-to-date: /home/thevindu/catkin_ws/src/install/lakibeam1/share/lakibeam1/local_setup.sh
[0.156s] -- Up-to-date: /home/thevindu/catkin_ws/src/install/lakibeam1/share/lakibeam1/local_setup.zsh
[0.156s] -- Up-to-date: /home/thevindu/catkin_ws/src/install/lakibeam1/share/lakibeam1/local_setup.dsv
[0.157s] -- Installing: /home/thevindu/catkin_ws/src/install/lakibeam1/share/lakibeam1/package.dsv
[0.157s] -- Up-to-date: /home/thevindu/catkin_ws/src/install/lakibeam1/share/ament_index/resource_index/packages/lakibeam1
[0.157s] -- Up-to-date: /home/thevindu/catkin_ws/src/install/lakibeam1/share/lakibeam1/cmake/lakibeam1Config.cmake
[0.157s] -- Up-to-date: /home/thevindu/catkin_ws/src/install/lakibeam1/share/lakibeam1/cmake/lakibeam1Config-version.cmake
[0.157s] -- Up-to-date: /home/thevindu/catkin_ws/src/install/lakibeam1/share/lakibeam1/package.xml
[0.158s] -- Up-to-date: /home/thevindu/catkin_ws/src/install/lakibeam1/lib/lakibeam1/lakibeam1_scan_node
[0.158s] -- Up-to-date: /home/thevindu/catkin_ws/src/install/lakibeam1/share/lakibeam1/launch
[0.158s] -- Up-to-date: /home/thevindu/catkin_ws/src/install/lakibeam1/share/lakibeam1/launch/lakibeam1_scan.launch.py
[0.158s] -- Up-to-date: /home/thevindu/catkin_ws/src/install/lakibeam1/share/lakibeam1/launch/lakibeam1_scan_dual_lidar_view.launch.py
[0.158s] -- Up-to-date: /home/thevindu/catkin_ws/src/install/lakibeam1/share/lakibeam1/launch/lakibeam1_scan_dual_lidar.launch.py
[0.158s] -- Up-to-date: /home/thevindu/catkin_ws/src/install/lakibeam1/share/lakibeam1/launch/lakibeam1_scan_view.launch.py
[0.159s] -- Up-to-date: /home/thevindu/catkin_ws/src/install/lakibeam1/share/lakibeam1/rviz
[0.159s] -- Up-to-date: /home/thevindu/catkin_ws/src/install/lakibeam1/share/lakibeam1/rviz/lakibeam1_scan.rviz
[0.159s] -- Up-to-date: /home/thevindu/catkin_ws/src/install/lakibeam1/share/lakibeam1/rviz/rviz_scan.rviz
[0.159s] -- Up-to-date: /home/thevindu/catkin_ws/src/install/lakibeam1/share/lakibeam1/rviz/lakibeam1_scan_dual.rviz
[0.161s] Invoked command in '/home/thevindu/catkin_ws/src/build/lakibeam1' returned '0': CMAKE_PREFIX_PATH=/opt/ros/humble /usr/bin/cmake --install /home/thevindu/catkin_ws/src/build/lakibeam1
