[1.111s] Invoking command in '/home/thevindu/ros2_ws/build/arduino_interface': PYTHONPATH=/home/thevindu/ros2_ws/build/arduino_interface/prefix_override:/usr/lib/python3/dist-packages/colcon_core/task/python/colcon_distutils_commands:/home/thevindu/ros2_ws/install/arduino_interface/lib/python3.10/site-packages:${PYTHONPATH} /usr/bin/python3 -W ignore:setup.py install is deprecated -W ignore:easy_install command is deprecated setup.py develop --editable --build-directory /home/thevindu/ros2_ws/build/arduino_interface/build --no-deps symlink_data
[1.525s] running develop
[1.867s] running egg_info
[1.868s] creating arduino_interface.egg-info
[1.868s] writing arduino_interface.egg-info/PKG-INFO
[1.868s] writing dependency_links to arduino_interface.egg-info/dependency_links.txt
[1.869s] writing entry points to arduino_interface.egg-info/entry_points.txt
[1.869s] writing requirements to arduino_interface.egg-info/requires.txt
[1.869s] writing top-level names to arduino_interface.egg-info/top_level.txt
[1.869s] writing manifest file 'arduino_interface.egg-info/SOURCES.txt'
[1.872s] reading manifest file 'arduino_interface.egg-info/SOURCES.txt'
[1.873s] writing manifest file 'arduino_interface.egg-info/SOURCES.txt'
[1.876s] running build_ext
[1.876s] Creating /home/thevindu/ros2_ws/install/arduino_interface/lib/python3.10/site-packages/arduino-interface.egg-link (link to .)
[1.878s] Installing arduino_serial_node script to /home/thevindu/ros2_ws/install/arduino_interface/lib/arduino_interface
[1.878s] 
[1.878s] Installed /home/thevindu/ros2_ws/build/arduino_interface
[1.879s] running symlink_data
[1.879s] creating /home/thevindu/ros2_ws/install/arduino_interface/share/ament_index
[1.879s] creating /home/thevindu/ros2_ws/install/arduino_interface/share/ament_index/resource_index
[1.879s] creating /home/thevindu/ros2_ws/install/arduino_interface/share/ament_index/resource_index/packages
[1.879s] symbolically linking /home/thevindu/ros2_ws/build/arduino_interface/resource/arduino_interface -> /home/thevindu/ros2_ws/install/arduino_interface/share/ament_index/resource_index/packages
[1.880s] symbolically linking /home/thevindu/ros2_ws/build/arduino_interface/package.xml -> /home/thevindu/ros2_ws/install/arduino_interface/share/arduino_interface
[1.880s] creating /home/thevindu/ros2_ws/install/arduino_interface/share/arduino_interface/launch
[1.880s] symbolically linking /home/thevindu/ros2_ws/build/arduino_interface/launch/arduino_interface.launch.py -> /home/thevindu/ros2_ws/install/arduino_interface/share/arduino_interface/launch
[1.929s] Invoked command in '/home/thevindu/ros2_ws/build/arduino_interface' returned '0': PYTHONPATH=/home/thevindu/ros2_ws/build/arduino_interface/prefix_override:/usr/lib/python3/dist-packages/colcon_core/task/python/colcon_distutils_commands:/home/thevindu/ros2_ws/install/arduino_interface/lib/python3.10/site-packages:${PYTHONPATH} /usr/bin/python3 -W ignore:setup.py install is deprecated -W ignore:easy_install command is deprecated setup.py develop --editable --build-directory /home/thevindu/ros2_ws/build/arduino_interface/build --no-deps symlink_data
