[0.159s] DEBUG:colcon:Command line arguments: ['/usr/bin/colcon', 'build']
[0.160s] DEBUG:colcon:Parsed command line arguments: Namespace(log_base=None, log_level=None, verb_name='build', build_base='build', install_base='install', merge_install=False, symlink_install=False, test_result_base=None, continue_on_error=False, executor='parallel', parallel_workers=8, event_handlers=None, ignore_user_meta=False, metas=['./colcon.meta'], base_paths=['.'], packages_ignore=None, packages_ignore_regex=None, paths=None, packages_up_to=None, packages_up_to_regex=None, packages_above=None, packages_above_and_dependencies=None, packages_above_depth=None, packages_select_by_dep=None, packages_skip_by_dep=None, packages_skip_up_to=None, packages_select_build_failed=False, packages_skip_build_finished=False, packages_select_test_failures=False, packages_skip_test_passed=False, packages_select=None, packages_skip=None, packages_select_regex=None, packages_skip_regex=None, packages_start=None, packages_end=None, allow_overriding=[], cmake_args=None, cmake_target=None, cmake_target_skip_unavailable=False, cmake_clean_cache=False, cmake_clean_first=False, cmake_force_configure=False, ament_cmake_args=None, catkin_cmake_args=None, catkin_skip_building_tests=False, verb_parser=<colcon_defaults.argument_parser.defaults.DefaultArgumentsDecorator object at 0x7ee5dfc1baf0>, verb_extension=<colcon_core.verb.build.BuildVerb object at 0x7ee5dfc1acb0>, main=<bound method BuildVerb.main of <colcon_core.verb.build.BuildVerb object at 0x7ee5dfc1acb0>>)
[0.401s] Level 1:colcon.colcon_core.package_discovery:discover_packages(colcon_meta) check parameters
[0.402s] Level 1:colcon.colcon_core.package_discovery:discover_packages(recursive) check parameters
[0.402s] Level 1:colcon.colcon_core.package_discovery:discover_packages(ignore) check parameters
[0.402s] Level 1:colcon.colcon_core.package_discovery:discover_packages(path) check parameters
[0.402s] Level 1:colcon.colcon_core.package_discovery:discover_packages(colcon_meta) discover
[0.402s] Level 1:colcon.colcon_core.package_discovery:discover_packages(recursive) discover
[0.402s] INFO:colcon.colcon_core.package_discovery:Crawling recursively for packages in '/home/thevindu/catkin_ws/src'
[0.402s] Level 1:colcon.colcon_core.package_identification:_identify(.) by extensions ['ignore', 'ignore_ament_install']
[0.402s] Level 1:colcon.colcon_core.package_identification:_identify(.) by extension 'ignore'
[0.402s] Level 1:colcon.colcon_core.package_identification:_identify(.) by extension 'ignore_ament_install'
[0.402s] Level 1:colcon.colcon_core.package_identification:_identify(.) by extensions ['colcon_pkg']
[0.402s] Level 1:colcon.colcon_core.package_identification:_identify(.) by extension 'colcon_pkg'
[0.402s] Level 1:colcon.colcon_core.package_identification:_identify(.) by extensions ['colcon_meta']
[0.402s] Level 1:colcon.colcon_core.package_identification:_identify(.) by extension 'colcon_meta'
[0.403s] Level 1:colcon.colcon_core.package_identification:_identify(.) by extensions ['ros']
[0.403s] Level 1:colcon.colcon_core.package_identification:_identify(.) by extension 'ros'
[0.421s] Level 1:colcon.colcon_core.package_identification:_identify(.) by extensions ['cmake', 'python']
[0.421s] Level 1:colcon.colcon_core.package_identification:_identify(.) by extension 'cmake'
[0.421s] Level 1:colcon.colcon_core.package_identification:_identify(.) by extension 'python'
[0.421s] Level 1:colcon.colcon_core.package_identification:_identify(.) by extensions ['python_setup_py']
[0.421s] Level 1:colcon.colcon_core.package_identification:_identify(.) by extension 'python_setup_py'
[0.421s] Level 1:colcon.colcon_core.package_identification:_identify(Lakibeam_ROS2_Driver) by extensions ['ignore', 'ignore_ament_install']
[0.421s] Level 1:colcon.colcon_core.package_identification:_identify(Lakibeam_ROS2_Driver) by extension 'ignore'
[0.421s] Level 1:colcon.colcon_core.package_identification:_identify(Lakibeam_ROS2_Driver) by extension 'ignore_ament_install'
[0.421s] Level 1:colcon.colcon_core.package_identification:_identify(Lakibeam_ROS2_Driver) by extensions ['colcon_pkg']
[0.422s] Level 1:colcon.colcon_core.package_identification:_identify(Lakibeam_ROS2_Driver) by extension 'colcon_pkg'
[0.422s] Level 1:colcon.colcon_core.package_identification:_identify(Lakibeam_ROS2_Driver) by extensions ['colcon_meta']
[0.422s] Level 1:colcon.colcon_core.package_identification:_identify(Lakibeam_ROS2_Driver) by extension 'colcon_meta'
[0.422s] Level 1:colcon.colcon_core.package_identification:_identify(Lakibeam_ROS2_Driver) by extensions ['ros']
[0.422s] Level 1:colcon.colcon_core.package_identification:_identify(Lakibeam_ROS2_Driver) by extension 'ros'
[0.427s] DEBUG:colcon.colcon_core.package_identification:Package 'Lakibeam_ROS2_Driver' with type 'ros.ament_cmake' and name 'lakibeam1'
[0.427s] Level 1:colcon.colcon_core.package_identification:_identify(build) by extensions ['ignore', 'ignore_ament_install']
[0.427s] Level 1:colcon.colcon_core.package_identification:_identify(build) by extension 'ignore'
[0.427s] Level 1:colcon.colcon_core.package_identification:_identify(build) ignored
[0.427s] Level 1:colcon.colcon_core.package_identification:_identify(install) by extensions ['ignore', 'ignore_ament_install']
[0.427s] Level 1:colcon.colcon_core.package_identification:_identify(install) by extension 'ignore'
[0.427s] Level 1:colcon.colcon_core.package_identification:_identify(install) ignored
[0.428s] Level 1:colcon.colcon_core.package_identification:_identify(log) by extensions ['ignore', 'ignore_ament_install']
[0.428s] Level 1:colcon.colcon_core.package_identification:_identify(log) by extension 'ignore'
[0.428s] Level 1:colcon.colcon_core.package_identification:_identify(log) ignored
[0.428s] Level 1:colcon.colcon_core.package_discovery:discover_packages(recursive) using defaults
[0.428s] Level 1:colcon.colcon_core.package_discovery:discover_packages(ignore) discover
[0.428s] Level 1:colcon.colcon_core.package_discovery:discover_packages(ignore) using defaults
[0.428s] Level 1:colcon.colcon_core.package_discovery:discover_packages(path) discover
[0.428s] Level 1:colcon.colcon_core.package_discovery:discover_packages(path) using defaults
[0.474s] Level 1:colcon.colcon_core.package_discovery:discover_packages(prefix_path) check parameters
[0.474s] Level 1:colcon.colcon_core.package_discovery:discover_packages(prefix_path) discover
[0.477s] DEBUG:colcon.colcon_installed_package_information.package_discovery:Found 0 installed packages in /home/thevindu/ros2_ws/install
[0.479s] DEBUG:colcon.colcon_installed_package_information.package_discovery:Found 345 installed packages in /opt/ros/humble
[0.482s] Level 1:colcon.colcon_core.package_discovery:discover_packages(prefix_path) using defaults
[0.552s] Level 5:colcon.colcon_core.verb:set package 'lakibeam1' build argument 'cmake_args' from command line to 'None'
[0.552s] Level 5:colcon.colcon_core.verb:set package 'lakibeam1' build argument 'cmake_target' from command line to 'None'
[0.552s] Level 5:colcon.colcon_core.verb:set package 'lakibeam1' build argument 'cmake_target_skip_unavailable' from command line to 'False'
[0.552s] Level 5:colcon.colcon_core.verb:set package 'lakibeam1' build argument 'cmake_clean_cache' from command line to 'False'
[0.552s] Level 5:colcon.colcon_core.verb:set package 'lakibeam1' build argument 'cmake_clean_first' from command line to 'False'
[0.552s] Level 5:colcon.colcon_core.verb:set package 'lakibeam1' build argument 'cmake_force_configure' from command line to 'False'
[0.552s] Level 5:colcon.colcon_core.verb:set package 'lakibeam1' build argument 'ament_cmake_args' from command line to 'None'
[0.552s] Level 5:colcon.colcon_core.verb:set package 'lakibeam1' build argument 'catkin_cmake_args' from command line to 'None'
[0.552s] Level 5:colcon.colcon_core.verb:set package 'lakibeam1' build argument 'catkin_skip_building_tests' from command line to 'False'
[0.552s] DEBUG:colcon.colcon_core.verb:Building package 'lakibeam1' with the following arguments: {'ament_cmake_args': None, 'build_base': '/home/thevindu/catkin_ws/src/build/lakibeam1', 'catkin_cmake_args': None, 'catkin_skip_building_tests': False, 'cmake_args': None, 'cmake_clean_cache': False, 'cmake_clean_first': False, 'cmake_force_configure': False, 'cmake_target': None, 'cmake_target_skip_unavailable': False, 'install_base': '/home/thevindu/catkin_ws/src/install/lakibeam1', 'merge_install': False, 'path': '/home/thevindu/catkin_ws/src/Lakibeam_ROS2_Driver', 'symlink_install': False, 'test_result_base': None}
[0.552s] INFO:colcon.colcon_core.executor:Executing jobs using 'parallel' executor
[0.554s] DEBUG:colcon.colcon_parallel_executor.executor.parallel:run_until_complete
[0.554s] INFO:colcon.colcon_ros.task.ament_cmake.build:Building ROS package in '/home/thevindu/catkin_ws/src/Lakibeam_ROS2_Driver' with build type 'ament_cmake'
[0.554s] INFO:colcon.colcon_cmake.task.cmake.build:Building CMake package in '/home/thevindu/catkin_ws/src/Lakibeam_ROS2_Driver'
[0.557s] INFO:colcon.colcon_core.plugin_system:Skipping extension 'colcon_core.shell.bat': Not used on non-Windows systems
[0.558s] INFO:colcon.colcon_core.shell:Skip shell extension 'powershell' for command environment: Not usable outside of PowerShell
[0.558s] DEBUG:colcon.colcon_core.shell:Skip shell extension 'dsv' for command environment
[0.573s] DEBUG:colcon.colcon_core.event_handler.log_command:Invoking command in '/home/thevindu/catkin_ws/src/build/lakibeam1': CMAKE_PREFIX_PATH=/opt/ros/humble /usr/bin/cmake --build /home/thevindu/catkin_ws/src/build/lakibeam1 -- -j8 -l8
[0.679s] DEBUG:colcon.colcon_core.event_handler.log_command:Invoked command in '/home/thevindu/catkin_ws/src/build/lakibeam1' returned '0': CMAKE_PREFIX_PATH=/opt/ros/humble /usr/bin/cmake --build /home/thevindu/catkin_ws/src/build/lakibeam1 -- -j8 -l8
[0.698s] DEBUG:colcon.colcon_core.event_handler.log_command:Invoking command in '/home/thevindu/catkin_ws/src/build/lakibeam1': CMAKE_PREFIX_PATH=/opt/ros/humble /usr/bin/cmake --install /home/thevindu/catkin_ws/src/build/lakibeam1
[0.715s] Level 1:colcon.colcon_core.environment:create_environment_scripts_only(lakibeam1)
[0.716s] DEBUG:colcon.colcon_core.event_handler.log_command:Invoked command in '/home/thevindu/catkin_ws/src/build/lakibeam1' returned '0': CMAKE_PREFIX_PATH=/opt/ros/humble /usr/bin/cmake --install /home/thevindu/catkin_ws/src/build/lakibeam1
[0.720s] Level 1:colcon.colcon_core.environment:checking '/home/thevindu/catkin_ws/src/install/lakibeam1' for CMake module files
[0.720s] Level 1:colcon.colcon_core.environment:checking '/home/thevindu/catkin_ws/src/install/lakibeam1' for CMake config files
[0.721s] Level 1:colcon.colcon_core.shell:create_environment_hook('lakibeam1', 'cmake_prefix_path')
[0.721s] INFO:colcon.colcon_core.shell:Creating environment hook '/home/thevindu/catkin_ws/src/install/lakibeam1/share/lakibeam1/hook/cmake_prefix_path.ps1'
[0.722s] INFO:colcon.colcon_core.shell:Creating environment descriptor '/home/thevindu/catkin_ws/src/install/lakibeam1/share/lakibeam1/hook/cmake_prefix_path.dsv'
[0.723s] INFO:colcon.colcon_core.shell:Creating environment hook '/home/thevindu/catkin_ws/src/install/lakibeam1/share/lakibeam1/hook/cmake_prefix_path.sh'
[0.725s] Level 1:colcon.colcon_core.environment:checking '/home/thevindu/catkin_ws/src/install/lakibeam1/lib'
[0.725s] Level 1:colcon.colcon_core.environment:checking '/home/thevindu/catkin_ws/src/install/lakibeam1/bin'
[0.725s] Level 1:colcon.colcon_core.environment:checking '/home/thevindu/catkin_ws/src/install/lakibeam1/lib/pkgconfig/lakibeam1.pc'
[0.726s] Level 1:colcon.colcon_core.environment:checking '/home/thevindu/catkin_ws/src/install/lakibeam1/lib/python3.10/site-packages'
[0.726s] Level 1:colcon.colcon_core.environment:checking '/home/thevindu/catkin_ws/src/install/lakibeam1/bin'
[0.727s] INFO:colcon.colcon_core.shell:Creating package script '/home/thevindu/catkin_ws/src/install/lakibeam1/share/lakibeam1/package.ps1'
[0.728s] INFO:colcon.colcon_core.shell:Creating package descriptor '/home/thevindu/catkin_ws/src/install/lakibeam1/share/lakibeam1/package.dsv'
[0.729s] INFO:colcon.colcon_core.shell:Creating package script '/home/thevindu/catkin_ws/src/install/lakibeam1/share/lakibeam1/package.sh'
[0.730s] INFO:colcon.colcon_core.shell:Creating package script '/home/thevindu/catkin_ws/src/install/lakibeam1/share/lakibeam1/package.bash'
[0.731s] INFO:colcon.colcon_core.shell:Creating package script '/home/thevindu/catkin_ws/src/install/lakibeam1/share/lakibeam1/package.zsh'
[0.732s] Level 1:colcon.colcon_core.environment:create_file_with_runtime_dependencies(/home/thevindu/catkin_ws/src/install/lakibeam1/share/colcon-core/packages/lakibeam1)
[0.733s] Level 1:colcon.colcon_core.environment:create_environment_scripts_only(lakibeam1)
[0.733s] Level 1:colcon.colcon_core.environment:checking '/home/thevindu/catkin_ws/src/install/lakibeam1' for CMake module files
[0.734s] Level 1:colcon.colcon_core.environment:checking '/home/thevindu/catkin_ws/src/install/lakibeam1' for CMake config files
[0.734s] Level 1:colcon.colcon_core.shell:create_environment_hook('lakibeam1', 'cmake_prefix_path')
[0.735s] INFO:colcon.colcon_core.shell:Creating environment hook '/home/thevindu/catkin_ws/src/install/lakibeam1/share/lakibeam1/hook/cmake_prefix_path.ps1'
[0.735s] INFO:colcon.colcon_core.shell:Creating environment descriptor '/home/thevindu/catkin_ws/src/install/lakibeam1/share/lakibeam1/hook/cmake_prefix_path.dsv'
[0.736s] INFO:colcon.colcon_core.shell:Creating environment hook '/home/thevindu/catkin_ws/src/install/lakibeam1/share/lakibeam1/hook/cmake_prefix_path.sh'
[0.737s] Level 1:colcon.colcon_core.environment:checking '/home/thevindu/catkin_ws/src/install/lakibeam1/lib'
[0.737s] Level 1:colcon.colcon_core.environment:checking '/home/thevindu/catkin_ws/src/install/lakibeam1/bin'
[0.737s] Level 1:colcon.colcon_core.environment:checking '/home/thevindu/catkin_ws/src/install/lakibeam1/lib/pkgconfig/lakibeam1.pc'
[0.737s] Level 1:colcon.colcon_core.environment:checking '/home/thevindu/catkin_ws/src/install/lakibeam1/lib/python3.10/site-packages'
[0.738s] Level 1:colcon.colcon_core.environment:checking '/home/thevindu/catkin_ws/src/install/lakibeam1/bin'
[0.738s] INFO:colcon.colcon_core.shell:Creating package script '/home/thevindu/catkin_ws/src/install/lakibeam1/share/lakibeam1/package.ps1'
[0.739s] INFO:colcon.colcon_core.shell:Creating package descriptor '/home/thevindu/catkin_ws/src/install/lakibeam1/share/lakibeam1/package.dsv'
[0.740s] INFO:colcon.colcon_core.shell:Creating package script '/home/thevindu/catkin_ws/src/install/lakibeam1/share/lakibeam1/package.sh'
[0.740s] INFO:colcon.colcon_core.shell:Creating package script '/home/thevindu/catkin_ws/src/install/lakibeam1/share/lakibeam1/package.bash'
[0.741s] INFO:colcon.colcon_core.shell:Creating package script '/home/thevindu/catkin_ws/src/install/lakibeam1/share/lakibeam1/package.zsh'
[0.742s] Level 1:colcon.colcon_core.environment:create_file_with_runtime_dependencies(/home/thevindu/catkin_ws/src/install/lakibeam1/share/colcon-core/packages/lakibeam1)
[0.742s] DEBUG:colcon.colcon_parallel_executor.executor.parallel:closing loop
[0.742s] DEBUG:colcon.colcon_parallel_executor.executor.parallel:loop closed
[0.742s] DEBUG:colcon.colcon_parallel_executor.executor.parallel:run_until_complete finished with '0'
[0.743s] DEBUG:colcon.colcon_core.event_reactor:joining thread
[0.750s] INFO:colcon.colcon_core.plugin_system:Skipping extension 'colcon_notification.desktop_notification.terminal_notifier': Not used on non-Darwin systems
[0.750s] INFO:colcon.colcon_core.plugin_system:Skipping extension 'colcon_notification.desktop_notification.win32': Not used on non-Windows systems
[0.750s] INFO:colcon.colcon_notification.desktop_notification:Sending desktop notification using 'notify2'
[0.767s] DEBUG:colcon.colcon_core.event_reactor:joined thread
[0.768s] INFO:colcon.colcon_core.shell:Creating prefix script '/home/thevindu/catkin_ws/src/install/local_setup.ps1'
[0.770s] INFO:colcon.colcon_core.shell:Creating prefix util module '/home/thevindu/catkin_ws/src/install/_local_setup_util_ps1.py'
[0.772s] INFO:colcon.colcon_core.shell:Creating prefix chain script '/home/thevindu/catkin_ws/src/install/setup.ps1'
[0.774s] INFO:colcon.colcon_core.shell:Creating prefix script '/home/thevindu/catkin_ws/src/install/local_setup.sh'
[0.775s] INFO:colcon.colcon_core.shell:Creating prefix util module '/home/thevindu/catkin_ws/src/install/_local_setup_util_sh.py'
[0.775s] INFO:colcon.colcon_core.shell:Creating prefix chain script '/home/thevindu/catkin_ws/src/install/setup.sh'
[0.777s] INFO:colcon.colcon_core.shell:Creating prefix script '/home/thevindu/catkin_ws/src/install/local_setup.bash'
[0.778s] INFO:colcon.colcon_core.shell:Creating prefix chain script '/home/thevindu/catkin_ws/src/install/setup.bash'
[0.779s] INFO:colcon.colcon_core.shell:Creating prefix script '/home/thevindu/catkin_ws/src/install/local_setup.zsh'
[0.780s] INFO:colcon.colcon_core.shell:Creating prefix chain script '/home/thevindu/catkin_ws/src/install/setup.zsh'
